Content-Type: multipart/alternative;
 boundary="===============1340955450548772872=="
MIME-Version: 1.0
Subject: Account activation on localhost:8000
From: webmaster@localhost
To: bob@gmail.com
Date: Wed, 21 Apr 2021 17:51:14 -0000
Message-ID: 
 <161902747490.29572.4997993936627231648@DESKTOP-0H8RH62.attlocal.net>

--===============1340955450548772872==
Content-Type: text/plain; charset="utf-8"
MIME-Version: 1.0
Content-Transfer-Encoding: 7bit



You (or someone pretending to be you) have asked to register an account at
localhost:8000.  If this wasn't you, please ignore this email
and your address will be removed from our records.


To activate this account, please click the following link within the next
7 days:


http://localhost:8000/accounts/activate/e11b6e57faa471a34563cd945637b2fc348ad43486bced661b34ce3b2ce0ad13/


Sincerely,
localhost:8000 Management





--===============1340955450548772872==
Content-Type: text/html; charset="utf-8"
MIME-Version: 1.0
Content-Transfer-Encoding: 7bit


<!doctype html>
<html lang="en">

<head>
    <title>localhost:8000 registration</title>
</head>

<body>
<p>
    
    You (or someone pretending to be you) have asked to register an account at
    localhost:8000.  If this wasn't you, please ignore this email
    and your address will be removed from our records.
    
</p>
<p>
    
    To activate this account, please click the following link within the next
    7 days:
    
</p>

<p>
    <a href="http://localhost:8000/accounts/activate/e11b6e57faa471a34563cd945637b2fc348ad43486bced661b34ce3b2ce0ad13/">
        localhost:8000/accounts/activate/e11b6e57faa471a34563cd945637b2fc348ad43486bced661b34ce3b2ce0ad13/
    </a>
</p>
<p>
    
    Sincerely,
    localhost:8000 Management
    
</p>
</body>

</html>




--===============1340955450548772872==--

-------------------------------------------------------------------------------
