Content-Type: multipart/alternative;
 boundary="===============5802231666775333112=="
MIME-Version: 1.0
Subject: Account activation on localhost:8000
From: webmaster@localhost
To: bob@gmail.com
Date: Wed, 31 Mar 2021 20:45:29 -0000
Message-ID: 
 <161722352943.11208.2977399425614543007@DESKTOP-0H8RH62.attlocal.net>

--===============5802231666775333112==
Content-Type: text/plain; charset="utf-8"
MIME-Version: 1.0
Content-Transfer-Encoding: 7bit



You (or someone pretending to be you) have asked to register an account at
localhost:8000.  If this wasn't you, please ignore this email
and your address will be removed from our records.


To activate this account, please click the following link within the next
7 days:


http://localhost:8000/accounts/activate/113e247bf7165fde867edd9a51d82065518e98f00b07c5146b8cd98cbbf8b10e/


Sincerely,
localhost:8000 Management





--===============5802231666775333112==
Content-Type: text/html; charset="utf-8"
MIME-Version: 1.0
Content-Transfer-Encoding: 7bit


<!doctype html>
<html lang="en">

<head>
    <title>localhost:8000 registration</title>
</head>

<body>
<p>
    
    You (or someone pretending to be you) have asked to register an account at
    localhost:8000.  If this wasn't you, please ignore this email
    and your address will be removed from our records.
    
</p>
<p>
    
    To activate this account, please click the following link within the next
    7 days:
    
</p>

<p>
    <a href="http://localhost:8000/accounts/activate/113e247bf7165fde867edd9a51d82065518e98f00b07c5146b8cd98cbbf8b10e/">
        localhost:8000/accounts/activate/113e247bf7165fde867edd9a51d82065518e98f00b07c5146b8cd98cbbf8b10e/
    </a>
</p>
<p>
    
    Sincerely,
    localhost:8000 Management
    
</p>
</body>

</html>




--===============5802231666775333112==--

-------------------------------------------------------------------------------
