Content-Type: multipart/alternative;
 boundary="===============0481311646141847947=="
MIME-Version: 1.0
Subject: Account activation on localhost:8000
From: webmaster@localhost
To: bob@gmail.com
Date: Wed, 24 Mar 2021 20:03:54 -0000
Message-ID: 
 <161661623437.13556.10008032395037498931@DESKTOP-0H8RH62.attlocal.net>

--===============0481311646141847947==
Content-Type: text/plain; charset="utf-8"
MIME-Version: 1.0
Content-Transfer-Encoding: 7bit



You (or someone pretending to be you) have asked to register an account at
localhost:8000.  If this wasn't you, please ignore this email
and your address will be removed from our records.


To activate this account, please click the following link within the next
7 days:


http://localhost:8000/accounts/activate/4224ef2c131e2ead8f37ab3afe3748730763d134d5968fc0035575e6c42c2103/


Sincerely,
localhost:8000 Management





--===============0481311646141847947==
Content-Type: text/html; charset="utf-8"
MIME-Version: 1.0
Content-Transfer-Encoding: 7bit


<!doctype html>
<html lang="en">

<head>
    <title>localhost:8000 registration</title>
</head>

<body>
<p>
    
    You (or someone pretending to be you) have asked to register an account at
    localhost:8000.  If this wasn't you, please ignore this email
    and your address will be removed from our records.
    
</p>
<p>
    
    To activate this account, please click the following link within the next
    7 days:
    
</p>

<p>
    <a href="http://localhost:8000/accounts/activate/4224ef2c131e2ead8f37ab3afe3748730763d134d5968fc0035575e6c42c2103/">
        localhost:8000/accounts/activate/4224ef2c131e2ead8f37ab3afe3748730763d134d5968fc0035575e6c42c2103/
    </a>
</p>
<p>
    
    Sincerely,
    localhost:8000 Management
    
</p>
</body>

</html>




--===============0481311646141847947==--

-------------------------------------------------------------------------------
