Content-Type: multipart/alternative;
 boundary="===============9102640006282981586=="
MIME-Version: 1.0
Subject: Account activation on localhost:8000
From: webmaster@localhost
To: boby@gmail.com
Date: Thu, 22 Apr 2021 15:55:22 -0000
Message-ID: 
 <161910692239.31340.11827759169044464944@DESKTOP-0H8RH62.conwaycorp.net>

--===============9102640006282981586==
Content-Type: text/plain; charset="utf-8"
MIME-Version: 1.0
Content-Transfer-Encoding: 7bit



You (or someone pretending to be you) have asked to register an account at
localhost:8000.  If this wasn't you, please ignore this email
and your address will be removed from our records.


To activate this account, please click the following link within the next
7 days:


http://localhost:8000/accounts/activate/3e9e6923eb862b32c628408aa57871c3d57538b24a8e003c0ba12937d8662ee0/


Sincerely,
localhost:8000 Management





--===============9102640006282981586==
Content-Type: text/html; charset="utf-8"
MIME-Version: 1.0
Content-Transfer-Encoding: 7bit


<!doctype html>
<html lang="en">

<head>
    <title>localhost:8000 registration</title>
</head>

<body>
<p>
    
    You (or someone pretending to be you) have asked to register an account at
    localhost:8000.  If this wasn't you, please ignore this email
    and your address will be removed from our records.
    
</p>
<p>
    
    To activate this account, please click the following link within the next
    7 days:
    
</p>

<p>
    <a href="http://localhost:8000/accounts/activate/3e9e6923eb862b32c628408aa57871c3d57538b24a8e003c0ba12937d8662ee0/">
        localhost:8000/accounts/activate/3e9e6923eb862b32c628408aa57871c3d57538b24a8e003c0ba12937d8662ee0/
    </a>
</p>
<p>
    
    Sincerely,
    localhost:8000 Management
    
</p>
</body>

</html>




--===============9102640006282981586==--

-------------------------------------------------------------------------------
