Content-Type: multipart/alternative;
 boundary="===============5171804331640586646=="
MIME-Version: 1.0
Subject: Account activation on localhost:8000
From: webmaster@localhost
To: bob@gmail.com
Date: Thu, 25 Mar 2021 02:52:20 -0000
Message-ID: 
 <161664074064.5492.14829173768023179197@DESKTOP-0H8RH62.attlocal.net>

--===============5171804331640586646==
Content-Type: text/plain; charset="utf-8"
MIME-Version: 1.0
Content-Transfer-Encoding: 7bit



You (or someone pretending to be you) have asked to register an account at
localhost:8000.  If this wasn't you, please ignore this email
and your address will be removed from our records.


To activate this account, please click the following link within the next
7 days:


http://localhost:8000/accounts/activate/db44f9f362bbbdbbda6078cec61ccb26ea57431b65fbe06dd0005adf1ee05213/


Sincerely,
localhost:8000 Management





--===============5171804331640586646==
Content-Type: text/html; charset="utf-8"
MIME-Version: 1.0
Content-Transfer-Encoding: 7bit


<!doctype html>
<html lang="en">

<head>
    <title>localhost:8000 registration</title>
</head>

<body>
<p>
    
    You (or someone pretending to be you) have asked to register an account at
    localhost:8000.  If this wasn't you, please ignore this email
    and your address will be removed from our records.
    
</p>
<p>
    
    To activate this account, please click the following link within the next
    7 days:
    
</p>

<p>
    <a href="http://localhost:8000/accounts/activate/db44f9f362bbbdbbda6078cec61ccb26ea57431b65fbe06dd0005adf1ee05213/">
        localhost:8000/accounts/activate/db44f9f362bbbdbbda6078cec61ccb26ea57431b65fbe06dd0005adf1ee05213/
    </a>
</p>
<p>
    
    Sincerely,
    localhost:8000 Management
    
</p>
</body>

</html>




--===============5171804331640586646==--

-------------------------------------------------------------------------------
